<?xml version="1.0" encoding="UTF-8"?>
<testng-results ignored="0" total="2" passed="2" failed="0" skipped="0">
  <reporter-output>
    <line>
      <![CDATA[login successfully executed]]>
    </line>
    <line>
      <![CDATA[<a target="_blank"href="C:\Users\santo\Pictures\Screenshots\qqq.jpg">Screenshot</a>]]>
    </line>
  </reporter-output>
  <suite started-at="2023-01-17T10:54:34Z" name="Suite" finished-at="2023-01-17T10:54:36Z" duration-ms="2409">
    <groups>
    </groups>
    <test started-at="2023-01-17T10:54:34Z" name="Bank Manager Login Test" finished-at="2023-01-17T10:54:36Z" duration-ms="1646">
      <class name="com.project.testcase.BankManagerLoginTest">
        <test-method signature="loginAsBankManager()[pri:0, instance:com.project.testcase.BankManagerLoginTest@242aa8d9]" started-at="2023-01-17T10:54:34Z" name="loginAsBankManager" finished-at="2023-01-17T10:54:36Z" duration-ms="1601" status="PASS">
          <reporter-output>
            <line>
              <![CDATA[login successfully executed]]>
            </line>
            <line>
              <![CDATA[<a target="_blank"href="C:\Users\santo\Pictures\Screenshots\qqq.jpg">Screenshot</a>]]>
            </line>
          </reporter-output>
        </test-method> <!-- loginAsBankManager -->
      </class> <!-- com.project.testcase.BankManagerLoginTest -->
    </test> <!-- Bank Manager Login Test -->
    <test started-at="2023-01-17T10:54:36Z" name="Add Customer Test" finished-at="2023-01-17T10:54:36Z" duration-ms="726">
      <class name="com.project.testcase.AddCustomerTest">
        <test-method is-config="true" signature="setUp()[pri:0, instance:com.project.testcase.AddCustomerTest@4264b240]" started-at="2023-01-17T10:54:30Z" name="setUp" finished-at="2023-01-17T10:54:34Z" duration-ms="3488" status="PASS">
          <reporter-output>
          </reporter-output>
        </test-method> <!-- setUp -->
        <test-method signature="addCustomer(java.lang.String, java.lang.String, java.lang.String, java.lang.String)[pri:0, instance:com.project.testcase.AddCustomerTest@4264b240]" started-at="2023-01-17T10:54:36Z" name="addCustomer" data-provider="getData" finished-at="2023-01-17T10:54:36Z" duration-ms="708" status="PASS">
          <params>
            <param index="0">
              <value>
                <![CDATA[sanjay]]>
              </value>
            </param>
            <param index="1">
              <value>
                <![CDATA[prasad]]>
              </value>
            </param>
            <param index="2">
              <value>
                <![CDATA[sdd4344]]>
              </value>
            </param>
            <param index="3">
              <value>
                <![CDATA[Customer added successfully]]>
              </value>
            </param>
          </params>
          <reporter-output>
          </reporter-output>
        </test-method> <!-- addCustomer -->
        <test-method is-config="true" signature="tearDown()[pri:0, instance:com.project.testcase.AddCustomerTest@4264b240]" started-at="2023-01-17T10:54:36Z" name="tearDown" finished-at="2023-01-17T10:54:37Z" duration-ms="576" status="PASS">
          <reporter-output>
          </reporter-output>
        </test-method> <!-- tearDown -->
      </class> <!-- com.project.testcase.AddCustomerTest -->
    </test> <!-- Add Customer Test -->
  </suite> <!-- Suite -->
</testng-results>
